<?xml version="1.0" encoding="UTF-8"?>
<testsuite xmlns:xsi="http://www.w3.org/2001/XMLSchema-instance" xsi:noNamespaceSchemaLocation="https://maven.apache.org/surefire/maven-surefire-plugin/xsd/surefire-test-report-3.0.xsd" version="3.0" name="TestSuite" time="27.702" tests="19" errors="0" skipped="0" failures="5">
  <properties>
    <property name="sun.desktop" value="windows"/>
    <property name="awt.toolkit" value="sun.awt.windows.WToolkit"/>
    <property name="file.encoding.pkg" value="sun.io"/>
    <property name="java.specification.version" value="1.8"/>
    <property name="sun.cpu.isalist" value="amd64"/>
    <property name="sun.jnu.encoding" value="Cp1252"/>
    <property name="java.class.path" value="D:\Workspace\WalmartRestProject\target\test-classes;D:\Workspace\WalmartRestProject\target\classes;C:\Users\Sitanshu\.m2\repository\junit\junit\3.8.1\junit-3.8.1.jar;C:\Users\Sitanshu\.m2\repository\org\apache\maven\plugins\maven-surefire-plugin\3.0.0-M5\maven-surefire-plugin-3.0.0-M5.jar;C:\Users\Sitanshu\.m2\repository\org\apache\maven\surefire\maven-surefire-common\3.0.0-M5\maven-surefire-common-3.0.0-M5.jar;C:\Users\Sitanshu\.m2\repository\org\apache\maven\surefire\surefire-api\3.0.0-M5\surefire-api-3.0.0-M5.jar;C:\Users\Sitanshu\.m2\repository\org\apache\maven\surefire\surefire-logger-api\3.0.0-M5\surefire-logger-api-3.0.0-M5.jar;C:\Users\Sitanshu\.m2\repository\org\apache\maven\surefire\surefire-extensions-api\3.0.0-M5\surefire-extensions-api-3.0.0-M5.jar;C:\Users\Sitanshu\.m2\repository\org\apache\maven\surefire\surefire-booter\3.0.0-M5\surefire-booter-3.0.0-M5.jar;C:\Users\Sitanshu\.m2\repository\org\apache\maven\surefire\surefire-extensions-spi\3.0.0-M5\surefire-extensions-spi-3.0.0-M5.jar;C:\Users\Sitanshu\.m2\repository\org\apache\maven\maven-toolchain\3.0-alpha-2\maven-toolchain-3.0-alpha-2.jar;C:\Users\Sitanshu\.m2\repository\org\apache\maven\shared\maven-artifact-transfer\0.11.0\maven-artifact-transfer-0.11.0.jar;C:\Users\Sitanshu\.m2\repository\org\apache\maven\shared\maven-common-artifact-filters\3.0.1\maven-common-artifact-filters-3.0.1.jar;C:\Users\Sitanshu\.m2\repository\org\apache\maven\maven-model\3.0\maven-model-3.0.jar;C:\Users\Sitanshu\.m2\repository\org\apache\maven\maven-plugin-api\3.0\maven-plugin-api-3.0.jar;C:\Users\Sitanshu\.m2\repository\org\sonatype\sisu\sisu-inject-plexus\1.4.2\sisu-inject-plexus-1.4.2.jar;C:\Users\Sitanshu\.m2\repository\org\codehaus\plexus\plexus-classworlds\2.2.3\plexus-classworlds-2.2.3.jar;C:\Users\Sitanshu\.m2\repository\org\sonatype\sisu\sisu-inject-bean\1.4.2\sisu-inject-bean-1.4.2.jar;C:\Users\Sitanshu\.m2\repository\org\sonatype\sisu\sisu-guice\2.1.7\sisu-guice-2.1.7-noaop.jar;C:\Users\Sitanshu\.m2\repository\org\apache\maven\shared\maven-shared-utils\3.1.0\maven-shared-utils-3.1.0.jar;C:\Users\Sitanshu\.m2\repository\commons-io\commons-io\2.5\commons-io-2.5.jar;C:\Users\Sitanshu\.m2\repository\org\codehaus\plexus\plexus-java\1.0.5\plexus-java-1.0.5.jar;C:\Users\Sitanshu\.m2\repository\org\ow2\asm\asm\7.2\asm-7.2.jar;C:\Users\Sitanshu\.m2\repository\com\thoughtworks\qdox\qdox\2.0-M9\qdox-2.0-M9.jar;C:\Users\Sitanshu\.m2\repository\org\apache\maven\surefire\surefire-shared-utils\3.0.0-M4\surefire-shared-utils-3.0.0-M4.jar;C:\Users\Sitanshu\.m2\repository\org\aspectj\aspectjweaver\1.9.6\aspectjweaver-1.9.6.jar;C:\Users\Sitanshu\.m2\repository\io\rest-assured\rest-assured\4.3.1\rest-assured-4.3.1.jar;C:\Users\Sitanshu\.m2\repository\org\codehaus\groovy\groovy\3.0.3\groovy-3.0.3.jar;C:\Users\Sitanshu\.m2\repository\org\codehaus\groovy\groovy-xml\3.0.3\groovy-xml-3.0.3.jar;C:\Users\Sitanshu\.m2\repository\org\apache\httpcomponents\httpclient\4.5.3\httpclient-4.5.3.jar;C:\Users\Sitanshu\.m2\repository\org\apache\httpcomponents\httpcore\4.4.6\httpcore-4.4.6.jar;C:\Users\Sitanshu\.m2\repository\commons-logging\commons-logging\1.2\commons-logging-1.2.jar;C:\Users\Sitanshu\.m2\repository\commons-codec\commons-codec\1.9\commons-codec-1.9.jar;C:\Users\Sitanshu\.m2\repository\org\apache\httpcomponents\httpmime\4.5.3\httpmime-4.5.3.jar;C:\Users\Sitanshu\.m2\repository\org\hamcrest\hamcrest\2.1\hamcrest-2.1.jar;C:\Users\Sitanshu\.m2\repository\org\ccil\cowan\tagsoup\tagsoup\1.2.1\tagsoup-1.2.1.jar;C:\Users\Sitanshu\.m2\repository\io\rest-assured\json-path\4.3.1\json-path-4.3.1.jar;C:\Users\Sitanshu\.m2\repository\org\codehaus\groovy\groovy-json\3.0.3\groovy-json-3.0.3.jar;C:\Users\Sitanshu\.m2\repository\io\rest-assured\rest-assured-common\4.3.1\rest-assured-common-4.3.1.jar;C:\Users\Sitanshu\.m2\repository\io\rest-assured\xml-path\4.3.1\xml-path-4.3.1.jar;C:\Users\Sitanshu\.m2\repository\org\apache\commons\commons-lang3\3.4\commons-lang3-3.4.jar;C:\Users\Sitanshu\.m2\repository\jakarta\xml\bind\jakarta.xml.bind-api\2.3.3\jakarta.xml.bind-api-2.3.3.jar;C:\Users\Sitanshu\.m2\repository\jakarta\activation\jakarta.activation-api\1.2.2\jakarta.activation-api-1.2.2.jar;C:\Users\Sitanshu\.m2\repository\com\sun\xml\bind\jaxb-impl\2.3.3\jaxb-impl-2.3.3.jar;C:\Users\Sitanshu\.m2\repository\io\qameta\allure\allure-testng\2.13.6\allure-testng-2.13.6.jar;C:\Users\Sitanshu\.m2\repository\io\qameta\allure\allure-java-commons\2.13.6\allure-java-commons-2.13.6.jar;C:\Users\Sitanshu\.m2\repository\io\qameta\allure\allure-model\2.13.6\allure-model-2.13.6.jar;C:\Users\Sitanshu\.m2\repository\com\fasterxml\jackson\core\jackson-databind\2.11.2\jackson-databind-2.11.2.jar;C:\Users\Sitanshu\.m2\repository\com\fasterxml\jackson\core\jackson-annotations\2.11.2\jackson-annotations-2.11.2.jar;C:\Users\Sitanshu\.m2\repository\com\fasterxml\jackson\core\jackson-core\2.11.2\jackson-core-2.11.2.jar;C:\Users\Sitanshu\.m2\repository\org\apache\tika\tika-core\1.24.1\tika-core-1.24.1.jar;C:\Users\Sitanshu\.m2\repository\org\jooq\joor-java-8\0.9.13\joor-java-8-0.9.13.jar;C:\Users\Sitanshu\.m2\repository\io\rest-assured\spring-mock-mvc\4.3.1\spring-mock-mvc-4.3.1.jar;C:\Users\Sitanshu\.m2\repository\io\rest-assured\spring-commons\4.3.1\spring-commons-4.3.1.jar;C:\Users\Sitanshu\.m2\repository\org\springframework\spring-test\4.3.23.RELEASE\spring-test-4.3.23.RELEASE.jar;C:\Users\Sitanshu\.m2\repository\org\springframework\spring-core\4.3.23.RELEASE\spring-core-4.3.23.RELEASE.jar;C:\Users\Sitanshu\.m2\repository\org\springframework\spring-webmvc\4.3.23.RELEASE\spring-webmvc-4.3.23.RELEASE.jar;C:\Users\Sitanshu\.m2\repository\org\springframework\spring-aop\4.3.23.RELEASE\spring-aop-4.3.23.RELEASE.jar;C:\Users\Sitanshu\.m2\repository\org\springframework\spring-beans\4.3.23.RELEASE\spring-beans-4.3.23.RELEASE.jar;C:\Users\Sitanshu\.m2\repository\org\springframework\spring-expression\4.3.23.RELEASE\spring-expression-4.3.23.RELEASE.jar;C:\Users\Sitanshu\.m2\repository\org\springframework\spring-web\4.3.23.RELEASE\spring-web-4.3.23.RELEASE.jar;C:\Users\Sitanshu\.m2\repository\io\rest-assured\spring-web-test-client\4.3.1\spring-web-test-client-4.3.1.jar;C:\Users\Sitanshu\.m2\repository\org\springframework\spring-context\5.1.0.RELEASE\spring-context-5.1.0.RELEASE.jar;C:\Users\Sitanshu\.m2\repository\org\springframework\spring-webflux\5.1.0.RELEASE\spring-webflux-5.1.0.RELEASE.jar;C:\Users\Sitanshu\.m2\repository\io\projectreactor\reactor-core\3.2.0.RELEASE\reactor-core-3.2.0.RELEASE.jar;C:\Users\Sitanshu\.m2\repository\org\reactivestreams\reactive-streams\1.0.2\reactive-streams-1.0.2.jar;C:\Users\Sitanshu\.m2\repository\org\synchronoss\cloud\nio-multipart-parser\1.1.0\nio-multipart-parser-1.1.0.jar;C:\Users\Sitanshu\.m2\repository\org\synchronoss\cloud\nio-stream-storage\1.1.3\nio-stream-storage-1.1.3.jar;C:\Users\Sitanshu\.m2\repository\io\rest-assured\json-schema-validator\4.3.1\json-schema-validator-4.3.1.jar;C:\Users\Sitanshu\.m2\repository\com\github\java-json-tools\json-schema-validator\2.2.10\json-schema-validator-2.2.10.jar;C:\Users\Sitanshu\.m2\repository\com\github\java-json-tools\json-schema-core\1.2.10\json-schema-core-1.2.10.jar;C:\Users\Sitanshu\.m2\repository\com\github\java-json-tools\jackson-coreutils\1.9\jackson-coreutils-1.9.jar;C:\Users\Sitanshu\.m2\repository\com\google\guava\guava\16.0.1\guava-16.0.1.jar;C:\Users\Sitanshu\.m2\repository\com\github\fge\msg-simple\1.1\msg-simple-1.1.jar;C:\Users\Sitanshu\.m2\repository\com\github\fge\btf\1.2\btf-1.2.jar;C:\Users\Sitanshu\.m2\repository\com\github\fge\uri-template\0.9\uri-template-0.9.jar;C:\Users\Sitanshu\.m2\repository\org\mozilla\rhino\1.7.7.1\rhino-1.7.7.1.jar;C:\Users\Sitanshu\.m2\repository\javax\mail\mailapi\1.4.3\mailapi-1.4.3.jar;C:\Users\Sitanshu\.m2\repository\javax\activation\activation\1.1\activation-1.1.jar;C:\Users\Sitanshu\.m2\repository\joda-time\joda-time\2.9.7\joda-time-2.9.7.jar;C:\Users\Sitanshu\.m2\repository\com\googlecode\libphonenumber\libphonenumber\8.0.0\libphonenumber-8.0.0.jar;C:\Users\Sitanshu\.m2\repository\com\google\code\findbugs\jsr305\3.0.1\jsr305-3.0.1.jar;C:\Users\Sitanshu\.m2\repository\net\sf\jopt-simple\jopt-simple\5.0.3\jopt-simple-5.0.3.jar;C:\Users\Sitanshu\.m2\repository\io\rest-assured\scala-support\4.3.1\scala-support-4.3.1.jar;C:\Users\Sitanshu\.m2\repository\org\scala-lang\scala-library\2.13.0\scala-library-2.13.0.jar;C:\Users\Sitanshu\.m2\repository\org\testng\testng\7.0.0\testng-7.0.0.jar;C:\Users\Sitanshu\.m2\repository\com\beust\jcommander\1.72\jcommander-1.72.jar;C:\Users\Sitanshu\.m2\repository\com\jayway\jsonpath\json-path\2.4.0\json-path-2.4.0.jar;C:\Users\Sitanshu\.m2\repository\net\minidev\json-smart\2.3\json-smart-2.3.jar;C:\Users\Sitanshu\.m2\repository\net\minidev\accessors-smart\1.2\accessors-smart-1.2.jar;C:\Users\Sitanshu\.m2\repository\org\slf4j\slf4j-api\1.7.25\slf4j-api-1.7.25.jar;C:\Users\Sitanshu\.m2\repository\com\google\code\gson\gson\2.8.6\gson-2.8.6.jar;C:\Users\Sitanshu\.m2\repository\com\github\javafaker\javafaker\1.0.2\javafaker-1.0.2.jar;C:\Users\Sitanshu\.m2\repository\org\yaml\snakeyaml\1.23\snakeyaml-1.23-android.jar;C:\Users\Sitanshu\.m2\repository\com\github\mifmif\generex\1.0.2\generex-1.0.2.jar;C:\Users\Sitanshu\.m2\repository\dk\brics\automaton\automaton\1.11-8\automaton-1.11-8.jar;"/>
    <property name="java.vm.vendor" value="Oracle Corporation"/>
    <property name="sun.arch.data.model" value="64"/>
    <property name="user.variant" value=""/>
    <property name="java.vendor.url" value="http://java.oracle.com/"/>
    <property name="user.timezone" value="Asia/Calcutta"/>
    <property name="java.vm.specification.version" value="1.8"/>
    <property name="os.name" value="Windows 10"/>
    <property name="user.country" value="IN"/>
    <property name="sun.java.launcher" value="SUN_STANDARD"/>
    <property name="sun.boot.library.path" value="C:\Program Files\Java\jdk1.8.0_271\jre\bin"/>
    <property name="sun.java.command" value="C:\Users\Sitanshu\AppData\Local\Temp\surefire9056848691464269199\surefirebooter8165419394360155824.jar C:\Users\Sitanshu\AppData\Local\Temp\surefire9056848691464269199 2020-11-08T23-44-43_285-jvmRun1 surefire900803047289177607tmp surefire_03485951146824721367tmp"/>
    <property name="surefire.test.class.path" value="D:\Workspace\WalmartRestProject\target\test-classes;D:\Workspace\WalmartRestProject\target\classes;C:\Users\Sitanshu\.m2\repository\junit\junit\3.8.1\junit-3.8.1.jar;C:\Users\Sitanshu\.m2\repository\org\apache\maven\plugins\maven-surefire-plugin\3.0.0-M5\maven-surefire-plugin-3.0.0-M5.jar;C:\Users\Sitanshu\.m2\repository\org\apache\maven\surefire\maven-surefire-common\3.0.0-M5\maven-surefire-common-3.0.0-M5.jar;C:\Users\Sitanshu\.m2\repository\org\apache\maven\surefire\surefire-api\3.0.0-M5\surefire-api-3.0.0-M5.jar;C:\Users\Sitanshu\.m2\repository\org\apache\maven\surefire\surefire-logger-api\3.0.0-M5\surefire-logger-api-3.0.0-M5.jar;C:\Users\Sitanshu\.m2\repository\org\apache\maven\surefire\surefire-extensions-api\3.0.0-M5\surefire-extensions-api-3.0.0-M5.jar;C:\Users\Sitanshu\.m2\repository\org\apache\maven\surefire\surefire-booter\3.0.0-M5\surefire-booter-3.0.0-M5.jar;C:\Users\Sitanshu\.m2\repository\org\apache\maven\surefire\surefire-extensions-spi\3.0.0-M5\surefire-extensions-spi-3.0.0-M5.jar;C:\Users\Sitanshu\.m2\repository\org\apache\maven\maven-toolchain\3.0-alpha-2\maven-toolchain-3.0-alpha-2.jar;C:\Users\Sitanshu\.m2\repository\org\apache\maven\shared\maven-artifact-transfer\0.11.0\maven-artifact-transfer-0.11.0.jar;C:\Users\Sitanshu\.m2\repository\org\apache\maven\shared\maven-common-artifact-filters\3.0.1\maven-common-artifact-filters-3.0.1.jar;C:\Users\Sitanshu\.m2\repository\org\apache\maven\maven-model\3.0\maven-model-3.0.jar;C:\Users\Sitanshu\.m2\repository\org\apache\maven\maven-plugin-api\3.0\maven-plugin-api-3.0.jar;C:\Users\Sitanshu\.m2\repository\org\sonatype\sisu\sisu-inject-plexus\1.4.2\sisu-inject-plexus-1.4.2.jar;C:\Users\Sitanshu\.m2\repository\org\codehaus\plexus\plexus-classworlds\2.2.3\plexus-classworlds-2.2.3.jar;C:\Users\Sitanshu\.m2\repository\org\sonatype\sisu\sisu-inject-bean\1.4.2\sisu-inject-bean-1.4.2.jar;C:\Users\Sitanshu\.m2\repository\org\sonatype\sisu\sisu-guice\2.1.7\sisu-guice-2.1.7-noaop.jar;C:\Users\Sitanshu\.m2\repository\org\apache\maven\shared\maven-shared-utils\3.1.0\maven-shared-utils-3.1.0.jar;C:\Users\Sitanshu\.m2\repository\commons-io\commons-io\2.5\commons-io-2.5.jar;C:\Users\Sitanshu\.m2\repository\org\codehaus\plexus\plexus-java\1.0.5\plexus-java-1.0.5.jar;C:\Users\Sitanshu\.m2\repository\org\ow2\asm\asm\7.2\asm-7.2.jar;C:\Users\Sitanshu\.m2\repository\com\thoughtworks\qdox\qdox\2.0-M9\qdox-2.0-M9.jar;C:\Users\Sitanshu\.m2\repository\org\apache\maven\surefire\surefire-shared-utils\3.0.0-M4\surefire-shared-utils-3.0.0-M4.jar;C:\Users\Sitanshu\.m2\repository\org\aspectj\aspectjweaver\1.9.6\aspectjweaver-1.9.6.jar;C:\Users\Sitanshu\.m2\repository\io\rest-assured\rest-assured\4.3.1\rest-assured-4.3.1.jar;C:\Users\Sitanshu\.m2\repository\org\codehaus\groovy\groovy\3.0.3\groovy-3.0.3.jar;C:\Users\Sitanshu\.m2\repository\org\codehaus\groovy\groovy-xml\3.0.3\groovy-xml-3.0.3.jar;C:\Users\Sitanshu\.m2\repository\org\apache\httpcomponents\httpclient\4.5.3\httpclient-4.5.3.jar;C:\Users\Sitanshu\.m2\repository\org\apache\httpcomponents\httpcore\4.4.6\httpcore-4.4.6.jar;C:\Users\Sitanshu\.m2\repository\commons-logging\commons-logging\1.2\commons-logging-1.2.jar;C:\Users\Sitanshu\.m2\repository\commons-codec\commons-codec\1.9\commons-codec-1.9.jar;C:\Users\Sitanshu\.m2\repository\org\apache\httpcomponents\httpmime\4.5.3\httpmime-4.5.3.jar;C:\Users\Sitanshu\.m2\repository\org\hamcrest\hamcrest\2.1\hamcrest-2.1.jar;C:\Users\Sitanshu\.m2\repository\org\ccil\cowan\tagsoup\tagsoup\1.2.1\tagsoup-1.2.1.jar;C:\Users\Sitanshu\.m2\repository\io\rest-assured\json-path\4.3.1\json-path-4.3.1.jar;C:\Users\Sitanshu\.m2\repository\org\codehaus\groovy\groovy-json\3.0.3\groovy-json-3.0.3.jar;C:\Users\Sitanshu\.m2\repository\io\rest-assured\rest-assured-common\4.3.1\rest-assured-common-4.3.1.jar;C:\Users\Sitanshu\.m2\repository\io\rest-assured\xml-path\4.3.1\xml-path-4.3.1.jar;C:\Users\Sitanshu\.m2\repository\org\apache\commons\commons-lang3\3.4\commons-lang3-3.4.jar;C:\Users\Sitanshu\.m2\repository\jakarta\xml\bind\jakarta.xml.bind-api\2.3.3\jakarta.xml.bind-api-2.3.3.jar;C:\Users\Sitanshu\.m2\repository\jakarta\activation\jakarta.activation-api\1.2.2\jakarta.activation-api-1.2.2.jar;C:\Users\Sitanshu\.m2\repository\com\sun\xml\bind\jaxb-impl\2.3.3\jaxb-impl-2.3.3.jar;C:\Users\Sitanshu\.m2\repository\io\qameta\allure\allure-testng\2.13.6\allure-testng-2.13.6.jar;C:\Users\Sitanshu\.m2\repository\io\qameta\allure\allure-java-commons\2.13.6\allure-java-commons-2.13.6.jar;C:\Users\Sitanshu\.m2\repository\io\qameta\allure\allure-model\2.13.6\allure-model-2.13.6.jar;C:\Users\Sitanshu\.m2\repository\com\fasterxml\jackson\core\jackson-databind\2.11.2\jackson-databind-2.11.2.jar;C:\Users\Sitanshu\.m2\repository\com\fasterxml\jackson\core\jackson-annotations\2.11.2\jackson-annotations-2.11.2.jar;C:\Users\Sitanshu\.m2\repository\com\fasterxml\jackson\core\jackson-core\2.11.2\jackson-core-2.11.2.jar;C:\Users\Sitanshu\.m2\repository\org\apache\tika\tika-core\1.24.1\tika-core-1.24.1.jar;C:\Users\Sitanshu\.m2\repository\org\jooq\joor-java-8\0.9.13\joor-java-8-0.9.13.jar;C:\Users\Sitanshu\.m2\repository\io\rest-assured\spring-mock-mvc\4.3.1\spring-mock-mvc-4.3.1.jar;C:\Users\Sitanshu\.m2\repository\io\rest-assured\spring-commons\4.3.1\spring-commons-4.3.1.jar;C:\Users\Sitanshu\.m2\repository\org\springframework\spring-test\4.3.23.RELEASE\spring-test-4.3.23.RELEASE.jar;C:\Users\Sitanshu\.m2\repository\org\springframework\spring-core\4.3.23.RELEASE\spring-core-4.3.23.RELEASE.jar;C:\Users\Sitanshu\.m2\repository\org\springframework\spring-webmvc\4.3.23.RELEASE\spring-webmvc-4.3.23.RELEASE.jar;C:\Users\Sitanshu\.m2\repository\org\springframework\spring-aop\4.3.23.RELEASE\spring-aop-4.3.23.RELEASE.jar;C:\Users\Sitanshu\.m2\repository\org\springframework\spring-beans\4.3.23.RELEASE\spring-beans-4.3.23.RELEASE.jar;C:\Users\Sitanshu\.m2\repository\org\springframework\spring-expression\4.3.23.RELEASE\spring-expression-4.3.23.RELEASE.jar;C:\Users\Sitanshu\.m2\repository\org\springframework\spring-web\4.3.23.RELEASE\spring-web-4.3.23.RELEASE.jar;C:\Users\Sitanshu\.m2\repository\io\rest-assured\spring-web-test-client\4.3.1\spring-web-test-client-4.3.1.jar;C:\Users\Sitanshu\.m2\repository\org\springframework\spring-context\5.1.0.RELEASE\spring-context-5.1.0.RELEASE.jar;C:\Users\Sitanshu\.m2\repository\org\springframework\spring-webflux\5.1.0.RELEASE\spring-webflux-5.1.0.RELEASE.jar;C:\Users\Sitanshu\.m2\repository\io\projectreactor\reactor-core\3.2.0.RELEASE\reactor-core-3.2.0.RELEASE.jar;C:\Users\Sitanshu\.m2\repository\org\reactivestreams\reactive-streams\1.0.2\reactive-streams-1.0.2.jar;C:\Users\Sitanshu\.m2\repository\org\synchronoss\cloud\nio-multipart-parser\1.1.0\nio-multipart-parser-1.1.0.jar;C:\Users\Sitanshu\.m2\repository\org\synchronoss\cloud\nio-stream-storage\1.1.3\nio-stream-storage-1.1.3.jar;C:\Users\Sitanshu\.m2\repository\io\rest-assured\json-schema-validator\4.3.1\json-schema-validator-4.3.1.jar;C:\Users\Sitanshu\.m2\repository\com\github\java-json-tools\json-schema-validator\2.2.10\json-schema-validator-2.2.10.jar;C:\Users\Sitanshu\.m2\repository\com\github\java-json-tools\json-schema-core\1.2.10\json-schema-core-1.2.10.jar;C:\Users\Sitanshu\.m2\repository\com\github\java-json-tools\jackson-coreutils\1.9\jackson-coreutils-1.9.jar;C:\Users\Sitanshu\.m2\repository\com\google\guava\guava\16.0.1\guava-16.0.1.jar;C:\Users\Sitanshu\.m2\repository\com\github\fge\msg-simple\1.1\msg-simple-1.1.jar;C:\Users\Sitanshu\.m2\repository\com\github\fge\btf\1.2\btf-1.2.jar;C:\Users\Sitanshu\.m2\repository\com\github\fge\uri-template\0.9\uri-template-0.9.jar;C:\Users\Sitanshu\.m2\repository\org\mozilla\rhino\1.7.7.1\rhino-1.7.7.1.jar;C:\Users\Sitanshu\.m2\repository\javax\mail\mailapi\1.4.3\mailapi-1.4.3.jar;C:\Users\Sitanshu\.m2\repository\javax\activation\activation\1.1\activation-1.1.jar;C:\Users\Sitanshu\.m2\repository\joda-time\joda-time\2.9.7\joda-time-2.9.7.jar;C:\Users\Sitanshu\.m2\repository\com\googlecode\libphonenumber\libphonenumber\8.0.0\libphonenumber-8.0.0.jar;C:\Users\Sitanshu\.m2\repository\com\google\code\findbugs\jsr305\3.0.1\jsr305-3.0.1.jar;C:\Users\Sitanshu\.m2\repository\net\sf\jopt-simple\jopt-simple\5.0.3\jopt-simple-5.0.3.jar;C:\Users\Sitanshu\.m2\repository\io\rest-assured\scala-support\4.3.1\scala-support-4.3.1.jar;C:\Users\Sitanshu\.m2\repository\org\scala-lang\scala-library\2.13.0\scala-library-2.13.0.jar;C:\Users\Sitanshu\.m2\repository\org\testng\testng\7.0.0\testng-7.0.0.jar;C:\Users\Sitanshu\.m2\repository\com\beust\jcommander\1.72\jcommander-1.72.jar;C:\Users\Sitanshu\.m2\repository\com\jayway\jsonpath\json-path\2.4.0\json-path-2.4.0.jar;C:\Users\Sitanshu\.m2\repository\net\minidev\json-smart\2.3\json-smart-2.3.jar;C:\Users\Sitanshu\.m2\repository\net\minidev\accessors-smart\1.2\accessors-smart-1.2.jar;C:\Users\Sitanshu\.m2\repository\org\slf4j\slf4j-api\1.7.25\slf4j-api-1.7.25.jar;C:\Users\Sitanshu\.m2\repository\com\google\code\gson\gson\2.8.6\gson-2.8.6.jar;C:\Users\Sitanshu\.m2\repository\com\github\javafaker\javafaker\1.0.2\javafaker-1.0.2.jar;C:\Users\Sitanshu\.m2\repository\org\yaml\snakeyaml\1.23\snakeyaml-1.23-android.jar;C:\Users\Sitanshu\.m2\repository\com\github\mifmif\generex\1.0.2\generex-1.0.2.jar;C:\Users\Sitanshu\.m2\repository\dk\brics\automaton\automaton\1.11-8\automaton-1.11-8.jar;"/>
    <property name="sun.cpu.endian" value="little"/>
    <property name="user.home" value="C:\Users\Sitanshu"/>
    <property name="user.language" value="en"/>
    <property name="java.specification.vendor" value="Oracle Corporation"/>
    <property name="java.home" value="C:\Program Files\Java\jdk1.8.0_271\jre"/>
    <property name="basedir" value="D:\Workspace\WalmartRestProject"/>
    <property name="file.separator" value="\"/>
    <property name="line.separator" value="&#10;"/>
    <property name="java.vm.specification.vendor" value="Oracle Corporation"/>
    <property name="java.specification.name" value="Java Platform API Specification"/>
    <property name="java.awt.graphicsenv" value="sun.awt.Win32GraphicsEnvironment"/>
    <property name="surefire.real.class.path" value="C:\Users\Sitanshu\AppData\Local\Temp\surefire9056848691464269199\surefirebooter8165419394360155824.jar;C:\Users\Sitanshu\.m2\repository/org/aspectj/aspectjweaver/1.9.6/aspectjweaver-1.9.6.jar"/>
    <property name="sun.boot.class.path" value="C:\Program Files\Java\jdk1.8.0_271\jre\lib\resources.jar;C:\Program Files\Java\jdk1.8.0_271\jre\lib\rt.jar;C:\Program Files\Java\jdk1.8.0_271\jre\lib\sunrsasign.jar;C:\Program Files\Java\jdk1.8.0_271\jre\lib\jsse.jar;C:\Program Files\Java\jdk1.8.0_271\jre\lib\jce.jar;C:\Program Files\Java\jdk1.8.0_271\jre\lib\charsets.jar;C:\Program Files\Java\jdk1.8.0_271\jre\lib\jfr.jar;C:\Program Files\Java\jdk1.8.0_271\jre\classes"/>
    <property name="user.script" value=""/>
    <property name="sun.management.compiler" value="HotSpot 64-Bit Tiered Compilers"/>
    <property name="java.runtime.version" value="1.8.0_271-b09"/>
    <property name="user.name" value="Sitanshu"/>
    <property name="path.separator" value=";"/>
    <property name="os.version" value="10.0"/>
    <property name="java.endorsed.dirs" value="C:\Program Files\Java\jdk1.8.0_271\jre\lib\endorsed"/>
    <property name="java.runtime.name" value="Java(TM) SE Runtime Environment"/>
    <property name="file.encoding" value="Cp1252"/>
    <property name="java.vm.name" value="Java HotSpot(TM) 64-Bit Server VM"/>
    <property name="localRepository" value="C:\Users\Sitanshu\.m2\repository"/>
    <property name="java.vendor.url.bug" value="http://bugreport.sun.com/bugreport/"/>
    <property name="java.io.tmpdir" value="C:\Users\Sitanshu\AppData\Local\Temp\"/>
    <property name="java.version" value="1.8.0_271"/>
    <property name="user.dir" value="D:\Workspace\WalmartRestProject"/>
    <property name="os.arch" value="amd64"/>
    <property name="java.vm.specification.name" value="Java Virtual Machine Specification"/>
    <property name="java.awt.printerjob" value="sun.awt.windows.WPrinterJob"/>
    <property name="sun.os.patch.level" value=""/>
    <property name="java.library.path" value="C:\Program Files\Java\jdk1.8.0_271\jre\bin;C:\Windows\Sun\Java\bin;C:\Windows\system32;C:\Windows;C:\Program Files\Java\jdk1.8.0_271\bin;C:\Program Files (x86)\Common Files\Oracle\Java\javapath;C:\Windows\system32;C:\Windows;C:\Windows\System32\Wbem;C:\Windows\System32\WindowsPowerShell\v1.0\;C:\Windows\System32\OpenSSH\;C:\Program Files\apache-maven-3.6.3-bin\apache-maven-3.6.3\bin;C:\Program Files\Git\cmd;C:\Program Files\nodejs\;C:\Development Avecto\allure-commandline-2.13.6\allure-2.13.6\bin;C:\Users\Sitanshu\AppData\Local\Microsoft\WindowsApps;C:\Users\Sitanshu\AppData\Roaming\npm;."/>
    <property name="java.vm.info" value="mixed mode"/>
    <property name="java.vendor" value="Oracle Corporation"/>
    <property name="java.vm.version" value="25.271-b09"/>
    <property name="java.ext.dirs" value="C:\Program Files\Java\jdk1.8.0_271\jre\lib\ext;C:\Windows\Sun\Java\lib\ext"/>
    <property name="sun.io.unicode.encoding" value="UnicodeLittle"/>
    <property name="java.class.version" value="52.0"/>
  </properties>
  <testcase name="getProduct1" classname="walmart.Walmart_Search" time="4.807">
    <system-out><![CDATA[Number Of Items is:10
]]></system-out>
    <system-err><![CDATA[SLF4J: Failed to load class "org.slf4j.impl.StaticLoggerBinder".
SLF4J: Defaulting to no-operation (NOP) logger implementation
SLF4J: See http://www.slf4j.org/codes.html#StaticLoggerBinder for further details.
Nov 08, 2020 11:44:46 PM org.aspectj.weaver.tools.Jdk14Trace error
SEVERE: org/codehaus/groovy/runtime/callsite/AbstractCallSite
java.lang.RuntimeException: bad non-abstract method with no code: void org.codehaus.groovy.runtime.callsite.AbstractCallSite.<init>(org.codehaus.groovy.runtime.callsite.CallSiteArray, int, java.lang.String) on public class org.codehaus.groovy.runtime.callsite.AbstractCallSite
	at org.aspectj.weaver.bcel.LazyMethodGen.<init>(LazyMethodGen.java:223)
	at org.aspectj.weaver.bcel.LazyClassGen.<init>(LazyClassGen.java:362)
	at org.aspectj.weaver.bcel.BcelObjectType.getLazyClassGen(BcelObjectType.java:563)
	at org.aspectj.weaver.bcel.BcelWeaver.weave(BcelWeaver.java:1705)
	at org.aspectj.weaver.bcel.BcelWeaver.weaveWithoutDump(BcelWeaver.java:1656)
	at org.aspectj.weaver.bcel.BcelWeaver.weaveAndNotify(BcelWeaver.java:1421)
	at org.aspectj.weaver.bcel.BcelWeaver.weave(BcelWeaver.java:1195)
	at org.aspectj.weaver.tools.WeavingAdaptor.getWovenBytes(WeavingAdaptor.java:551)
	at org.aspectj.weaver.tools.WeavingAdaptor.weaveClass(WeavingAdaptor.java:387)
	at org.aspectj.weaver.loadtime.Aj.preProcess(Aj.java:116)
	at org.aspectj.weaver.loadtime.ClassPreProcessorAgentAdapter.transform(ClassPreProcessorAgentAdapter.java:51)
	at sun.instrument.TransformerManager.transform(TransformerManager.java:188)
	at sun.instrument.InstrumentationImpl.transform(InstrumentationImpl.java:428)
	at java.lang.ClassLoader.defineClass1(Native Method)
	at java.lang.ClassLoader.defineClass(ClassLoader.java:756)
	at java.lang.ClassLoader.defineClass(ClassLoader.java:635)
	at org.codehaus.groovy.reflection.SunClassLoader.define(SunClassLoader.java:94)
	at org.codehaus.groovy.runtime.callsite.GroovySunClassLoader.loadAbstract(GroovySunClassLoader.java:72)
	at org.codehaus.groovy.runtime.callsite.GroovySunClassLoader.<init>(GroovySunClassLoader.java:54)
	at org.codehaus.groovy.runtime.callsite.GroovySunClassLoader.<init>(GroovySunClassLoader.java:49)
	at org.codehaus.groovy.runtime.callsite.GroovySunClassLoader.lambda$static$0(GroovySunClassLoader.java:40)
	at java.security.AccessController.doPrivileged(Native Method)
	at org.codehaus.groovy.runtime.callsite.GroovySunClassLoader.<clinit>(GroovySunClassLoader.java:37)
	at org.codehaus.groovy.runtime.callsite.CallSiteGenerator.isCompilable(CallSiteGenerator.java:256)
	at org.codehaus.groovy.reflection.CachedMethod.createStaticMetaMethodSite(CachedMethod.java:312)
	at org.codehaus.groovy.runtime.callsite.StaticMetaMethodSite.createStaticMetaMethodSite(StaticMetaMethodSite.java:112)
	at groovy.lang.MetaClassImpl.createStaticSite(MetaClassImpl.java:3500)
	at org.codehaus.groovy.runtime.callsite.CallSiteArray.createCallStaticSite(CallSiteArray.java:74)
	at org.codehaus.groovy.runtime.callsite.CallSiteArray.createCallSite(CallSiteArray.java:156)
	at org.codehaus.groovy.runtime.callsite.CallSiteArray.defaultCall(CallSiteArray.java:47)
	at org.codehaus.groovy.runtime.callsite.AbstractCallSite.call(AbstractCallSite.java:125)
	at org.codehaus.groovy.runtime.callsite.AbstractCallSite.call(AbstractCallSite.java:130)
	at io.restassured.internal.common.assertion.AssertParameter.notNull(AssertParameter.groovy:21)
	at io.restassured.config.SSLConfig.<init>(SSLConfig.java:192)
	at io.restassured.config.SSLConfig.<init>(SSLConfig.java:184)
	at io.restassured.config.RestAssuredConfig.<init>(RestAssuredConfig.java:41)
	at io.restassured.RestAssured.<clinit>(RestAssured.java:421)
	at utils.TestBase.init(TestBase.java:17)
	at sun.reflect.NativeMethodAccessorImpl.invoke0(Native Method)
	at sun.reflect.NativeMethodAccessorImpl.invoke(NativeMethodAccessorImpl.java:62)
	at sun.reflect.DelegatingMethodAccessorImpl.invoke(DelegatingMethodAccessorImpl.java:43)
	at java.lang.reflect.Method.invoke(Method.java:498)
	at org.testng.internal.MethodInvocationHelper.invokeMethod(MethodInvocationHelper.java:133)
	at org.testng.internal.MethodInvocationHelper.invokeMethodConsideringTimeout(MethodInvocationHelper.java:62)
	at org.testng.internal.ConfigInvoker.invokeConfigurationMethod(ConfigInvoker.java:340)
	at org.testng.internal.ConfigInvoker.invokeConfigurations(ConfigInvoker.java:294)
	at org.testng.TestRunner.invokeTestConfigurations(TestRunner.java:623)
	at org.testng.TestRunner.beforeRun(TestRunner.java:613)
	at org.testng.TestRunner.run(TestRunner.java:584)
	at org.testng.SuiteRunner.runTest(SuiteRunner.java:402)
	at org.testng.SuiteRunner.runSequentially(SuiteRunner.java:396)
	at org.testng.SuiteRunner.privateRun(SuiteRunner.java:355)
	at org.testng.SuiteRunner.run(SuiteRunner.java:304)
	at org.testng.SuiteRunnerWorker.runSuite(SuiteRunnerWorker.java:53)
	at org.testng.SuiteRunnerWorker.run(SuiteRunnerWorker.java:96)
	at org.testng.TestNG.runSuitesSequentially(TestNG.java:1180)
	at org.testng.TestNG.runSuitesLocally(TestNG.java:1102)
	at org.testng.TestNG.runSuites(TestNG.java:1032)
	at org.testng.TestNG.run(TestNG.java:1000)
	at org.apache.maven.surefire.testng.TestNGExecutor.run(TestNGExecutor.java:284)
	at org.apache.maven.surefire.testng.TestNGXmlTestSuite.execute(TestNGXmlTestSuite.java:75)
	at org.apache.maven.surefire.testng.TestNGProvider.invoke(TestNGProvider.java:119)
	at org.apache.maven.surefire.booter.ForkedBooter.runSuitesInProcess(ForkedBooter.java:428)
	at org.apache.maven.surefire.booter.ForkedBooter.execute(ForkedBooter.java:162)
	at org.apache.maven.surefire.booter.ForkedBooter.run(ForkedBooter.java:562)
	at org.apache.maven.surefire.booter.ForkedBooter.main(ForkedBooter.java:548)

Nov 08, 2020 11:44:46 PM org.aspectj.weaver.tools.Jdk14Trace info
INFO: Dumping to D:\Workspace\WalmartRestProject\.\ajcore.20201108.234446.757.txt
]]></system-err>
  </testcase>
  <testcase name="getProduct2" classname="walmart.Walmart_Search" time="1.222">
    <system-out><![CDATA[Search query is:phone
]]></system-out>
  </testcase>
  <testcase name="getProduct3" classname="walmart.Walmart_Search" time="1.118">
    <system-out><![CDATA[Product name is:Straight Talk LG Journey Smartphone
]]></system-out>
  </testcase>
  <testcase name="getProduct4" classname="walmart.Walmart_Search" time="1.039">
    <system-out><![CDATA[gift Options are:{}
]]></system-out>
  </testcase>
  <testcase name="getProduct5" classname="walmart.Walmart_Search" time="1.062">
    <system-out><![CDATA[Size of items array is:10
]]></system-out>
  </testcase>
  <testcase name="getProduct6" classname="walmart.Walmart_Search" time="1.207">
    <system-out><![CDATA[Straight Talk LG Journey Smartphone
Boost Mobile LG Stylo 6
Tracfone LG Rebel 4, 16GB Black - Prepaid Smartphone
Straight Talk Motorola Moto e6, 16GB Black – Prepaid Smartphone
Straight Talk Apple iPhone 7 w/32GB Prepaid Phone, Black
Walmart Family Mobile LG Journey
Straight Talk SAMSUNG Galaxy A10E, 32GB Black - Prepaid Smartphone
Tracfone SAMSUNG Galaxy A10E, 32GB Black, Prepaid Smartphone
Boost Mobile Samsung A10E
AT&T PREPAID LG PHOENIX® 5 16GB Prepaid Smartphone, Silver
]]></system-out>
  </testcase>
  <testcase name="getProduct7" classname="walmart.Walmart_Search" time="1.433">
    <system-out><![CDATA[{itemId=876424312, parentItemId=876424312, name=Straight Talk LG Journey Smartphone, msrp=79.0, salePrice=39.88, upc=616960333388, categoryPath=Home Page/Cell Phones/Phones With Plans/Prepaid Phones/All Prepaid Phones, shortDescription=Get the new LG Journey on Straight Talk! With Straight Talk, you get access to the largest most dependable 4G LTE networks with no contract . Carve your own path with the LG Journey? LTE. This smartphone is stocked with all the essentials including feature-packed cameras, a vibrant display, and handy AI tools. Wherever you go, whatever you do, this pocket-sized device will keep up every step of the way., longDescription=Key Features:  5.45" HD+ FullVision Display  5 MP Front Camera and 8 MP Rear Camera  Dynamic Photos with HDR  Long-Lasting Battery - 3,000 mAh , brandName=LG, thumbnailImage=https://i5.walmartimages.com/asr/88bbdc75-46fc-41ed-b951-97bccbfa5f90_1.e625373cf9f15f3d39a206009e5a2c30.jpeg?odnHeight=100&odnWidth=100&odnBg=ffffff, mediumImage=https://i5.walmartimages.com/asr/88bbdc75-46fc-41ed-b951-97bccbfa5f90_1.e625373cf9f15f3d39a206009e5a2c30.jpeg?odnHeight=180&odnWidth=180&odnBg=ffffff, largeImage=https://i5.walmartimages.com/asr/88bbdc75-46fc-41ed-b951-97bccbfa5f90_1.e625373cf9f15f3d39a206009e5a2c30.jpeg?odnHeight=450&odnWidth=450&odnBg=ffffff, productTrackingUrl=https://goto.walmart.com/c/|PUBID|/568844/9383?veh=aff&sourceid=imp_000011112222333344&prodsku=876424312&u=https%3A%2F%2Fwww.walmart.com%2Fip%2F876424312, ninetySevenCentShipping=false, standardShipRate=0.0, twoThreeDayShippingRate=0.0, color=Black, marketplace=false, shipToStore=false, freeShipToStore=false, modelNumber=STLGL322DCPWP, productUrl=http://c.affil.walmart.com/t/api02?l=https%3A%2F%2Fwww.walmart.com%2Fip%2FStraight-Talk-LG-Journey-Smartphone%2F876424312%3Faffp1%3D%7Capk%7C%26affilsrc%3Dapi%26veh%3Daff%26wmlspartner%3Dreadonlyapi, customerRating=4.2, numReviews=95, customerRatingImage=http://i2.walmartimages.com/i/CustRating/4_2.gif, bestMarketplacePrice={price=42.0, sellerInfo=Walmart.com, standardShipRate=0.0, twoThreeDayShippingRate=0.0, availableOnline=false, clearance=false}, categoryNode=1105910_4527935_1072335, rhid=43820, bundle=false, clearance=false, preOrder=false, stock=Available, attributes={caResidentsPropWarningRequired=N, chokingHazardWarning=0, color=Black}, addToCartUrl=http://c.affil.walmart.com/t/api02?l=http%3A%2F%2Faffil.walmart.com%2Fcart%2FaddToCart%3Fitems%3D876424312%7C1%26affp1%3D%7Capk%7C%26affilsrc%3Dapi%26veh%3Daff%26wmlspartner%3Dreadonlyapi, affiliateAddToCartUrl=https://goto.walmart.com/c/|PUBID|/568844/9383?veh=aff&sourceid=imp_000011112222333344&prodsku=876424312&u=http%3A%2F%2Faffil.walmart.com%2Fcart%2FaddToCart%3Fitems%3D876424312, freeShippingOver35Dollars=true, giftOptions={}, imageEntities=[{thumbnailImage=https://i5.walmartimages.com/asr/88bbdc75-46fc-41ed-b951-97bccbfa5f90_1.e625373cf9f15f3d39a206009e5a2c30.jpeg?odnHeight=100&odnWidth=100&odnBg=ffffff, mediumImage=https://i5.walmartimages.com/asr/88bbdc75-46fc-41ed-b951-97bccbfa5f90_1.e625373cf9f15f3d39a206009e5a2c30.jpeg?odnHeight=180&odnWidth=180&odnBg=ffffff, largeImage=https://i5.walmartimages.com/asr/88bbdc75-46fc-41ed-b951-97bccbfa5f90_1.e625373cf9f15f3d39a206009e5a2c30.jpeg?odnHeight=450&odnWidth=450&odnBg=ffffff, entityType=PRIMARY}, {thumbnailImage=https://i5.walmartimages.com/asr/f90f2587-ba75-4db0-9759-260653382150_1.7768a497a2e9e79c3f3d8b2497304639.jpeg?odnHeight=100&odnWidth=100&odnBg=ffffff, mediumImage=https://i5.walmartimages.com/asr/f90f2587-ba75-4db0-9759-260653382150_1.7768a497a2e9e79c3f3d8b2497304639.jpeg?odnHeight=180&odnWidth=180&odnBg=ffffff, largeImage=https://i5.walmartimages.com/asr/f90f2587-ba75-4db0-9759-260653382150_1.7768a497a2e9e79c3f3d8b2497304639.jpeg?odnHeight=450&odnWidth=450&odnBg=ffffff, entityType=SECONDARY}, {thumbnailImage=https://i5.walmartimages.com/asr/0000ba4d-1bc6-4083-ab95-f2cde3fe153f_1.b661e9001bbea73de9bea281c75700b1.jpeg?odnHeight=100&odnWidth=100&odnBg=ffffff, mediumImage=https://i5.walmartimages.com/asr/0000ba4d-1bc6-4083-ab95-f2cde3fe153f_1.b661e9001bbea73de9bea281c75700b1.jpeg?odnHeight=180&odnWidth=180&odnBg=ffffff, largeImage=https://i5.walmartimages.com/asr/0000ba4d-1bc6-4083-ab95-f2cde3fe153f_1.b661e9001bbea73de9bea281c75700b1.jpeg?odnHeight=450&odnWidth=450&odnBg=ffffff, entityType=SECONDARY}, {thumbnailImage=https://i5.walmartimages.com/asr/93bdc4a8-5c46-400b-b6c5-696312dac212_2.25c872ef8e516750aa8895737caf4e7d.png?odnHeight=100&odnWidth=100&odnBg=ffffff, mediumImage=https://i5.walmartimages.com/asr/93bdc4a8-5c46-400b-b6c5-696312dac212_2.25c872ef8e516750aa8895737caf4e7d.png?odnHeight=180&odnWidth=180&odnBg=ffffff, largeImage=https://i5.walmartimages.com/asr/93bdc4a8-5c46-400b-b6c5-696312dac212_2.25c872ef8e516750aa8895737caf4e7d.png?odnHeight=450&odnWidth=450&odnBg=ffffff, entityType=SECONDARY}, {thumbnailImage=https://i5.walmartimages.com/asr/ff89a59f-5746-429a-bb2b-88318ef5b6bb_1.c5d3d52316ba0fd0363a7728c4380db7.jpeg?odnHeight=100&odnWidth=100&odnBg=ffffff, mediumImage=https://i5.walmartimages.com/asr/ff89a59f-5746-429a-bb2b-88318ef5b6bb_1.c5d3d52316ba0fd0363a7728c4380db7.jpeg?odnHeight=180&odnWidth=180&odnBg=ffffff, largeImage=https://i5.walmartimages.com/asr/ff89a59f-5746-429a-bb2b-88318ef5b6bb_1.c5d3d52316ba0fd0363a7728c4380db7.jpeg?odnHeight=450&odnWidth=450&odnBg=ffffff, entityType=SECONDARY}, {thumbnailImage=https://i5.walmartimages.com/asr/b8af5908-0518-42bf-a258-cf38ac409d79_1.93cf59f65a1b40c4d9a8173b9db4cf79.jpeg?odnHeight=100&odnWidth=100&odnBg=ffffff, mediumImage=https://i5.walmartimages.com/asr/b8af5908-0518-42bf-a258-cf38ac409d79_1.93cf59f65a1b40c4d9a8173b9db4cf79.jpeg?odnHeight=180&odnWidth=180&odnBg=ffffff, largeImage=https://i5.walmartimages.com/asr/b8af5908-0518-42bf-a258-cf38ac409d79_1.93cf59f65a1b40c4d9a8173b9db4cf79.jpeg?odnHeight=450&odnWidth=450&odnBg=ffffff, entityType=SECONDARY}, {thumbnailImage=https://i5.walmartimages.com/asr/1c4d2c2d-493e-45f8-97be-8648ef3dd64a_1.01c6d5af8adcb9abb33ee53718ec9186.jpeg?odnHeight=100&odnWidth=100&odnBg=ffffff, mediumImage=https://i5.walmartimages.com/asr/1c4d2c2d-493e-45f8-97be-8648ef3dd64a_1.01c6d5af8adcb9abb33ee53718ec9186.jpeg?odnHeight=180&odnWidth=180&odnBg=ffffff, largeImage=https://i5.walmartimages.com/asr/1c4d2c2d-493e-45f8-97be-8648ef3dd64a_1.01c6d5af8adcb9abb33ee53718ec9186.jpeg?odnHeight=450&odnWidth=450&odnBg=ffffff, entityType=SECONDARY}, {thumbnailImage=https://i5.walmartimages.com/asr/1b77f792-533f-402b-9847-81b0436d2192_1.0ba0fd15b09a3db9fd6725c84731e263.jpeg?odnHeight=100&odnWidth=100&odnBg=ffffff, mediumImage=https://i5.walmartimages.com/asr/1b77f792-533f-402b-9847-81b0436d2192_1.0ba0fd15b09a3db9fd6725c84731e263.jpeg?odnHeight=180&odnWidth=180&odnBg=ffffff, largeImage=https://i5.walmartimages.com/asr/1b77f792-533f-402b-9847-81b0436d2192_1.0ba0fd15b09a3db9fd6725c84731e263.jpeg?odnHeight=450&odnWidth=450&odnBg=ffffff, entityType=SECONDARY}, {thumbnailImage=https://i5.walmartimages.com/asr/17dabc51-6532-4ea5-a08f-48926741be7f_1.425c791e4a8bb8e7e4e5e66fd93de2c9.jpeg?odnHeight=100&odnWidth=100&odnBg=ffffff, mediumImage=https://i5.walmartimages.com/asr/17dabc51-6532-4ea5-a08f-48926741be7f_1.425c791e4a8bb8e7e4e5e66fd93de2c9.jpeg?odnHeight=180&odnWidth=180&odnBg=ffffff, largeImage=https://i5.walmartimages.com/asr/17dabc51-6532-4ea5-a08f-48926741be7f_1.425c791e4a8bb8e7e4e5e66fd93de2c9.jpeg?odnHeight=450&odnWidth=450&odnBg=ffffff, entityType=SECONDARY}, {thumbnailImage=https://i5.walmartimages.com/asr/88bbdc75-46fc-41ed-b951-97bccbfa5f90_1.e625373cf9f15f3d39a206009e5a2c30.jpeg?odnHeight=100&odnWidth=100&odnBg=ffffff, mediumImage=https://i5.walmartimages.com/asr/88bbdc75-46fc-41ed-b951-97bccbfa5f90_1.e625373cf9f15f3d39a206009e5a2c30.jpeg?odnHeight=180&odnWidth=180&odnBg=ffffff, largeImage=https://i5.walmartimages.com/asr/88bbdc75-46fc-41ed-b951-97bccbfa5f90_1.e625373cf9f15f3d39a206009e5a2c30.jpeg?odnHeight=450&odnWidth=450&odnBg=ffffff, entityType=PRIMARY}], offerType=ONLINE_AND_STORE, isTwoDayShippingEligible=true, availableOnline=true}
]]></system-out>
  </testcase>
  <testcase name="getProduct8" classname="walmart.Walmart_Search" time="0.818">
    <system-out><![CDATA[39.88
]]></system-out>
  </testcase>
  <testcase name="getProduct9" classname="walmart.Walmart_Search" time="1.03">
    <system-out><![CDATA[Straight Talk LG Journey Smartphone
Tracfone LG Rebel 4, 16GB Black - Prepaid Smartphone
Straight Talk Motorola Moto e6, 16GB Black – Prepaid Smartphone
Walmart Family Mobile LG Journey
Straight Talk SAMSUNG Galaxy A10E, 32GB Black - Prepaid Smartphone
Tracfone SAMSUNG Galaxy A10E, 32GB Black, Prepaid Smartphone
Boost Mobile Samsung A10E
AT&T PREPAID LG PHOENIX® 5 16GB Prepaid Smartphone, Silver
]]></system-out>
  </testcase>
  <testcase name="getProduct10" classname="walmart.Walmart_Search" time="1.102">
    <system-out><![CDATA[Straight Talk phones msrps are:[79.0, 69.0, 649.0, 139.0]
]]></system-out>
  </testcase>
  <testcase name="getProduct11" classname="walmart.Walmart_Search" time="1.078">
    <system-out><![CDATA[Apple iPhone msrps are:[649.0]
]]></system-out>
  </testcase>
  <testcase name="getProduct1" classname="walmart.Walmart_Search_XML" time="0.997">
    <system-out><![CDATA[PASSED: getProduct1
        Test Case1: Extract number of items from response body
PASSED: getProduct2
        Test Case2: Extract search query from response body
PASSED: getProduct3
        Test Case3: Extract name of the first product from response body
PASSED: getProduct4
        Test Case4: Extract gift options for the first product from response body
PASSED: getProduct5
        Test Case5: Extract size of items array from response body
PASSED: getProduct6
        Test Case6: Extract name of all items from response body
PASSED: getProduct7
        Test Case7: Extract details for Straight Talk LG Journey Smartphone from response body
PASSED: getProduct8
        Test Case8: Extract all sale price values for Straight Talk LG Journey Smartphone
PASSED: getProduct9
        Test Case9: Extract names of all products with sale price less that 100$
PASSED: getProduct10
        Test Case10: Extract msrp for all Straight Talk phone
PASSED: getProduct11
        Test Case11: Extract msrp for Apple iPhones

===============================================
    D:/Workspace/WalmartRestProject
    Tests run: 11, Failures: 0, Skips: 0
===============================================

Number Of Items is:null
]]></system-out>
  </testcase>
  <testcase name="getProduct2" classname="walmart.Walmart_Search_XML" time="1.071">
    <system-out><![CDATA[Search query is:null
]]></system-out>
  </testcase>
  <testcase name="getProduct3" classname="walmart.Walmart_Search_XML" time="1.116">
    <system-out><![CDATA[Product name is:null
]]></system-out>
  </testcase>
  <testcase name="getProduct4" classname="walmart.Walmart_Search_XML" time="1.048">
    <failure message="Failed to parse the XML document" type="io.restassured.path.xml.exception.XmlPathException"><![CDATA[io.restassured.path.xml.exception.XmlPathException: Failed to parse the XML document
	at walmart.Walmart_Search_XML.getProduct4(Walmart_Search_XML.java:73)
Caused by: org.xml.sax.SAXParseException: Content is not allowed in prolog.
	at walmart.Walmart_Search_XML.getProduct4(Walmart_Search_XML.java:73)
]]></failure>
    <system-err><![CDATA[[Fatal Error] :1:1: Content is not allowed in prolog.
]]></system-err>
  </testcase>
  <testcase name="getProduct5" classname="walmart.Walmart_Search_XML" time="1.099">
    <failure type="java.lang.NullPointerException"><![CDATA[java.lang.NullPointerException
	at walmart.Walmart_Search_XML.getProduct5(Walmart_Search_XML.java:86)
]]></failure>
  </testcase>
  <testcase name="getProduct6" classname="walmart.Walmart_Search_XML" time="0.964">
    <failure message="Failed to parse the XML document" type="io.restassured.path.xml.exception.XmlPathException"><![CDATA[io.restassured.path.xml.exception.XmlPathException: Failed to parse the XML document
	at walmart.Walmart_Search_XML.getProduct6(Walmart_Search_XML.java:98)
Caused by: org.xml.sax.SAXParseException: Content is not allowed in prolog.
	at walmart.Walmart_Search_XML.getProduct6(Walmart_Search_XML.java:98)
]]></failure>
    <system-err><![CDATA[[Fatal Error] :1:1: Content is not allowed in prolog.
]]></system-err>
  </testcase>
  <testcase name="getProduct7" classname="walmart.Walmart_Search_XML" time="1.121">
    <failure message="Failed to parse the XML document" type="io.restassured.path.xml.exception.XmlPathException"><![CDATA[io.restassured.path.xml.exception.XmlPathException: Failed to parse the XML document
	at walmart.Walmart_Search_XML.getProduct7(Walmart_Search_XML.java:113)
Caused by: org.xml.sax.SAXParseException: Content is not allowed in prolog.
	at walmart.Walmart_Search_XML.getProduct7(Walmart_Search_XML.java:113)
]]></failure>
    <system-err><![CDATA[[Fatal Error] :1:1: Content is not allowed in prolog.
]]></system-err>
  </testcase>
  <testcase name="getProduct8" classname="walmart.Walmart_Search_XML" time="0.925">
    <failure message="Failed to parse the XML document" type="io.restassured.path.xml.exception.XmlPathException"><![CDATA[io.restassured.path.xml.exception.XmlPathException: Failed to parse the XML document
	at walmart.Walmart_Search_XML.getProduct8(Walmart_Search_XML.java:127)
Caused by: org.xml.sax.SAXParseException: Content is not allowed in prolog.
	at walmart.Walmart_Search_XML.getProduct8(Walmart_Search_XML.java:127)
]]></failure>
    <system-err><![CDATA[[Fatal Error] :1:1: Content is not allowed in prolog.
]]></system-err>
  </testcase>
</testsuite>