<?xml version="1.0" encoding="UTF-8"?>
<!-- Generated by org.testng.reporters.JUnitReportReporter -->
<testsuite skipped="0" hostname="DESKTOP-E8NP0Q4" name="Samaritan.Rudra" tests="1" failures="0" timestamp="2019-12-21T23:30:37 IST" time="22.493" errors="0">
  <testcase name="openGoogle" time="22.493" classname="Samaritan.Rudra"/>
</testsuite> <!-- Samaritan.Rudra -->
