<?xml version="1.0" encoding="UTF-8"?>
<!-- Generated by org.testng.reporters.JUnitReportReporter -->
<testsuite skipped="0" hostname="DESKTOP-E8NP0Q4" name="Samaritan.SubhransuTest" tests="3" failures="0" timestamp="2019-09-01T13:42:51 IST" time="0.002" errors="0">
  <testcase name="test4" time="0.001" classname="Samaritan.SubhransuTest"/>
  <testcase name="test6" time="0.000" classname="Samaritan.SubhransuTest"/>
  <testcase name="test5" time="0.001" classname="Samaritan.SubhransuTest"/>
</testsuite> <!-- Samaritan.SubhransuTest -->
