<?xml version="1.0" encoding="UTF-8"?>
<!-- Generated by org.testng.reporters.JUnitReportReporter -->
<testsuite skipped="0" hostname="DESKTOP-E8NP0Q4" name="Samaritan.SitanshuTest" tests="3" failures="0" timestamp="2019-09-01T13:42:51 IST" time="0.011" errors="0">
  <testcase name="test2" time="0.000" classname="Samaritan.SitanshuTest"/>
  <testcase name="test3" time="0.001" classname="Samaritan.SitanshuTest"/>
  <testcase name="test1" time="0.010" classname="Samaritan.SitanshuTest"/>
</testsuite> <!-- Samaritan.SitanshuTest -->
