<?xml version="1.0" encoding="UTF-8"?>
<!-- Generated by org.testng.reporters.JUnitReportReporter -->
<testsuite skipped="0" hostname="DESKTOP-E8NP0Q4" name="runners.LoginRunnerTestng" tests="1" failures="0" timestamp="2020-07-20T14:22:24 IST" time="51.926" errors="0">
  <testcase name="feature" time="51.926" classname="runners.LoginRunnerTestng"/>
</testsuite> <!-- runners.LoginRunnerTestng -->
