<?xml version="1.0" encoding="UTF-8"?>
<!-- Generated by org.testng.reporters.JUnitReportReporter -->
<testsuite hostname="DESKTOP-E8NP0Q4" name="selenium.Module1" tests="5" failures="0" timestamp="25 Jun 2019 16:27:07 GMT" time="578.309" errors="0">
  <testcase name="mouseActions" time="135.001" classname="selenium.Module1"/>
  <testcase name="Opengoogle" time="66.388" classname="selenium.Module1"/>
  <testcase name="autoSuggestive" time="139.735" classname="selenium.Module1"/>
  <testcase name="limitingScope" time="154.833" classname="selenium.Module1"/>
  <testcase name="takeScreenshot" time="82.352" classname="selenium.Module1"/>
</testsuite> <!-- selenium.Module1 -->
