<?xml version="1.0" encoding="UTF-8"?>
<!-- Generated by org.testng.reporters.JUnitReportReporter -->
<testsuite skipped="0" hostname="LAPTOP-DTT1M6R1" name="walmart.Walmart_Search" tests="11" failures="0" timestamp="2020-11-08T23:45:11 IST" time="16.099" errors="0">
  <testcase name="getProduct3" time="1.114" classname="walmart.Walmart_Search"/>
  <testcase name="getProduct6" time="1.149" classname="walmart.Walmart_Search"/>
  <testcase name="getProduct8" time="1.039" classname="walmart.Walmart_Search"/>
  <testcase name="getProduct9" time="1.000" classname="walmart.Walmart_Search"/>
  <testcase name="getProduct11" time="1.079" classname="walmart.Walmart_Search"/>
  <testcase name="getProduct1" time="5.046" classname="walmart.Walmart_Search"/>
  <testcase name="getProduct4" time="1.036" classname="walmart.Walmart_Search"/>
  <testcase name="getProduct5" time="1.058" classname="walmart.Walmart_Search"/>
  <testcase name="getProduct2" time="1.218" classname="walmart.Walmart_Search"/>
  <testcase name="getProduct7" time="1.241" classname="walmart.Walmart_Search"/>
  <testcase name="getProduct10" time="1.119" classname="walmart.Walmart_Search"/>
</testsuite> <!-- walmart.Walmart_Search -->
