<?xml version="1.0" encoding="UTF-8"?>
<!-- Generated by org.testng.reporters.JUnitReportReporter -->
<testsuite skipped="0" hostname="DESKTOP-E8NP0Q4" name="Automation.seleniumConcepts" tests="3" failures="0" timestamp="2019-12-21T23:56:24 IST" time="38.438" errors="0">
  <testcase name="openGoogle" time="12.709" classname="Automation.seleniumConcepts"/>
  <testcase name="mouseHover" time="12.603" classname="Automation.seleniumConcepts"/>
  <testcase name="takeScreenShot" time="13.126" classname="Automation.seleniumConcepts"/>
</testsuite> <!-- Automation.seleniumConcepts -->
